Arguments: 
  /usr/local/bin/node /usr/local/Cellar/yarn/1.22.18/libexec/bin/yarn.js add -D @types/fs

PATH: 
  /Users/matthewkeller/.cargo/bin:/opt/anaconda3/bin:/opt/anaconda3/condabin:/Users/matthewkeller/Users/matthewkeller/Library/Android/sdk/tools:/Users/matthewkeller/Users/matthewkeller/Library/Android/sdk/platform-tools:/Users/matthewkeller/.bun/bin:/usr/local/bin:/usr/bin:/bin:/usr/sbin:/sbin:/usr/local/go/bin:/usr/local/share/dotnet:/opt/X11/bin:~/.dotnet/tools:/usr/local/mysql-8.0.20-macos10.15-x86_64/bin:/Users/matthewkeller/Downloads/flutter/bin:/Users/matthewkeller/.local/bin/kaggle:/usr/local/mongodb/bin

Yarn version: 
  1.22.18

Node version: 
  16.14.2

Platform: 
  darwin x64

Trace: 
  Error: https://registry.yarnpkg.com/@types%2ffs: Not found
      at Request.params.callback [as _callback] (/usr/local/Cellar/yarn/1.22.18/libexec/lib/cli.js:66138:18)
      at Request.self.callback (/usr/local/Cellar/yarn/1.22.18/libexec/lib/cli.js:140883:22)
      at Request.emit (node:events:526:28)
      at Request.<anonymous> (/usr/local/Cellar/yarn/1.22.18/libexec/lib/cli.js:141855:10)
      at Request.emit (node:events:526:28)
      at IncomingMessage.<anonymous> (/usr/local/Cellar/yarn/1.22.18/libexec/lib/cli.js:141777:12)
      at Object.onceWrapper (node:events:645:28)
      at IncomingMessage.emit (node:events:538:35)
      at endReadableNT (node:internal/streams/readable:1345:12)
      at processTicksAndRejections (node:internal/process/task_queues:83:21)

npm manifest: 
  No manifest

yarn manifest: 
  No manifest

Lockfile: 
  No lockfile
